<?xml version="1.0" encoding="UTF-8"?>
<!-- Generated by org.testng.reporters.JUnitReportReporter -->
<testsuite hostname="Aishwarya" failures="0" tests="1" name="TestNG.Group1" time="0.017" errors="0" timestamp="2024-04-22T19:20:35 IST" skipped="0">
  <testcase classname="TestNG.Group1" name="a" time="0.017"/>
  <system-out/>
</testsuite> <!-- TestNG.Group1 -->
