<?xml version="1.0" encoding="UTF-8"?>
<!-- Generated by org.testng.reporters.JUnitReportReporter -->
<testsuite hostname="Aishwarya" failures="0" tests="1" name="com.trello.qsp.genericutility.BaseClass" time="14.075" errors="0" timestamp="2024-05-14T00:39:58 IST" skipped="0">
  <testcase classname="com.trello.qsp.genericutility.BaseClass" name="acceptTheDataFromSupplyTheDataMethod" time="14.075"/>
  <system-out/>
</testsuite> <!-- com.trello.qsp.genericutility.BaseClass -->
