<?xml version="1.0" encoding="UTF-8"?>
<!-- Generated by org.testng.reporters.JUnitReportReporter -->
<testsuite hostname="Aishwarya" failures="0" tests="2" name="TestNG.Assertions" time="31.881" errors="0" timestamp="2024-04-24T18:04:38 IST" skipped="0">
  <testcase classname="TestNG.Assertions" name="hardAssert" time="20.565"/>
  <system-out/>
  <testcase classname="TestNG.Assertions" name="softAssert" time="11.316"/>
  <system-out/>
</testsuite> <!-- TestNG.Assertions -->
