<?xml version="1.0" encoding="UTF-8"?>
<!-- Generated by org.testng.reporters.JUnitReportReporter -->
<testsuite hostname="Aishwarya" failures="0" tests="2" name="TestNG.HomePage" time="24.887" errors="0" timestamp="2024-05-06T21:56:34 IST" skipped="0">
  <testcase classname="TestNG.HomePage" name="loginLink" time="9.775"/>
  <system-out/>
  <testcase classname="TestNG.HomePage" name="vandvLoginPage" time="15.112"/>
  <system-out/>
</testsuite> <!-- TestNG.HomePage -->
