<?xml version="1.0" encoding="UTF-8"?>
<!-- Generated by org.testng.reporters.JUnitReportReporter -->
<testsuite hostname="Aishwarya" failures="0" tests="2" name="com.trello.qsp.genericutility.ListenerScriptForTrello" time="36.761" errors="0" timestamp="2024-05-14T01:20:28 IST" skipped="0">
  <testcase classname="com.trello.qsp.genericutility.ListenerScriptForTrello" name="trelloHomePage" time="9.005"/>
  <system-out/>
  <testcase classname="com.trello.qsp.genericutility.ListenerScriptForTrello" name="trelloLoginPage" time="27.756"/>
  <system-out/>
</testsuite> <!-- com.trello.qsp.genericutility.ListenerScriptForTrello -->
