<?xml version="1.0" encoding="UTF-8"?>
<!-- Generated by org.testng.reporters.JUnitReportReporter -->
<testsuite hostname="Aishwarya" failures="0" tests="3" name="dataprovider.FBAcceptDataFromAnotherClass" time="41.298" errors="0" timestamp="2024-05-08T16:45:27 IST" skipped="0">
  <testcase classname="dataprovider.FBAcceptDataFromAnotherClass" name="acceptTheData" time="13.438"/>
  <system-out/>
  <testcase classname="dataprovider.FBAcceptDataFromAnotherClass" name="acceptTheData" time="15.322"/>
  <system-out/>
  <testcase classname="dataprovider.FBAcceptDataFromAnotherClass" name="acceptTheData" time="12.538"/>
  <system-out/>
</testsuite> <!-- dataprovider.FBAcceptDataFromAnotherClass -->
