<?xml version="1.0" encoding="UTF-8"?>
<!-- Generated by org.testng.reporters.JUnitReportReporter -->
<testsuite hostname="Aishwarya" failures="0" tests="1" name="extentreports.ExtentReportDemoScript" time="47.849" errors="0" timestamp="2024-05-28T17:01:18 IST" skipped="0">
  <testcase classname="extentreports.ExtentReportDemoScript" name="testCase" time="47.849"/>
  <system-out>
    <![CDATA[Trigger the URL to login to Facebook application
User has successfully logged in]]>
  </system-out>
</testsuite> <!-- extentreports.ExtentReportDemoScript -->
