<?xml version="1.0" encoding="UTF-8"?>
<!-- Generated by org.testng.reporters.JUnitReportReporter -->
<testsuite hostname="Aishwarya" failures="0" tests="1" name="frameworkscript.TrelloCreateAndDeleteBoard" time="29.167" errors="0" timestamp="2024-05-02T23:21:46 IST" skipped="0">
  <testcase classname="frameworkscript.TrelloCreateAndDeleteBoard" name="checkWhetherTheUserCanLogin_CreateTheBoard_DeleteTheBoard_LogoutFromTrello" time="29.167"/>
  <system-out/>
</testsuite> <!-- frameworkscript.TrelloCreateAndDeleteBoard -->
