<?xml version="1.0" encoding="UTF-8"?>
<!-- Generated by org.testng.reporters.JUnitReportReporter -->
<testsuite hostname="Aishwarya" failures="0" tests="3" name="dataprovider.LearnToReadTheDataFromSameClass" time="0.024" errors="0" timestamp="2024-05-08T14:49:26 IST" skipped="0">
  <testcase classname="dataprovider.LearnToReadTheDataFromSameClass" name="acceptTheDataFromSupplyTheDataMethod" time="0.008"/>
  <system-out/>
  <testcase classname="dataprovider.LearnToReadTheDataFromSameClass" name="acceptTheDataFromSupplyTheDataMethod" time="0.003"/>
  <system-out/>
  <testcase classname="dataprovider.LearnToReadTheDataFromSameClass" name="acceptTheDataFromSupplyTheDataMethod" time="0.013"/>
  <system-out/>
</testsuite> <!-- dataprovider.LearnToReadTheDataFromSameClass -->
