<?xml version="1.0" encoding="UTF-8"?>
<!-- Generated by org.testng.reporters.JUnitReportReporter -->
<testsuite hostname="Aishwarya" failures="0" tests="1" name="frameworkscript.TrelloCreateAndDeleteTheBoard" time="99.091" errors="0" timestamp="2024-05-01T14:26:15 IST" skipped="0">
  <testcase classname="frameworkscript.TrelloCreateAndDeleteTheBoard" name="checkWhetherTheEndUserCanLogin_CreateTheBoard_DeleteTheBoard_LogoutFromTrello" time="99.091"/>
  <system-out/>
</testsuite> <!-- frameworkscript.TrelloCreateAndDeleteTheBoard -->
