<?xml version="1.0" encoding="UTF-8"?>
<!-- Generated by org.testng.reporters.JUnitReportReporter -->
<testsuite hostname="Aishwarya" failures="0" tests="3" name="dataprovider.FacebookReadDataFromSameClass" time="43.760" errors="0" timestamp="2024-05-08T14:39:55 IST" skipped="0">
  <testcase classname="dataprovider.FacebookReadDataFromSameClass" name="acceptTheDataFromSupplyTheDataMethod" time="13.461"/>
  <system-out/>
  <testcase classname="dataprovider.FacebookReadDataFromSameClass" name="acceptTheDataFromSupplyTheDataMethod" time="11.647"/>
  <system-out/>
  <testcase classname="dataprovider.FacebookReadDataFromSameClass" name="acceptTheDataFromSupplyTheDataMethod" time="18.652"/>
  <system-out/>
</testsuite> <!-- dataprovider.FacebookReadDataFromSameClass -->
