<?xml version="1.0" encoding="UTF-8"?>
<!-- Generated by org.testng.reporters.JUnitReportReporter -->
<testsuite hostname="Aishwarya" failures="0" tests="2" name="com.trello.qsp.listener.HomePage" time="26.171" errors="0" timestamp="2024-05-07T14:12:43 IST" skipped="0">
  <testcase classname="com.trello.qsp.listener.HomePage" name="loginLink" time="11.163"/>
  <system-out/>
  <testcase classname="com.trello.qsp.listener.HomePage" name="vandvLoginPage" time="15.008"/>
  <system-out/>
</testsuite> <!-- com.trello.qsp.listener.HomePage -->
