<?xml version="1.0" encoding="UTF-8"?>
<!-- Generated by org.testng.reporters.JUnitReportReporter -->
<testsuite hostname="Aishwarya" failures="0" tests="1" name="frameworkscript.TrelloCreateNDeleteBoard" time="52.739" errors="0" timestamp="2024-05-02T15:46:12 IST" skipped="0">
  <testcase classname="frameworkscript.TrelloCreateNDeleteBoard" name="checkWheatherTheUserCanLogin_CreateTheBoard_DeleteTheBoard_LogoutFromTrello" time="52.739"/>
  <system-out/>
</testsuite> <!-- frameworkscript.TrelloCreateNDeleteBoard -->
