<?xml version="1.0" encoding="UTF-8"?>
<!-- Generated by org.testng.reporters.JUnitReportReporter -->
<testsuite hostname="Aishwarya" failures="0" tests="1" name="TestNG.Group3" time="0.002" errors="0" timestamp="2024-04-22T19:20:35 IST" skipped="0">
  <testcase classname="TestNG.Group3" name="h" time="0.002"/>
  <system-out/>
</testsuite> <!-- TestNG.Group3 -->
