<?xml version="1.0" encoding="UTF-8"?>
<!-- Generated by org.testng.reporters.JUnitReportReporter -->
<testsuite hostname="Aishwarya" failures="0" tests="1" name="dataprovider.Optional" time="12.394" errors="0" timestamp="2024-05-09T15:00:38 IST" skipped="0">
  <testcase classname="dataprovider.Optional" name="loginToVtiger" time="12.394"/>
  <system-out/>
</testsuite> <!-- dataprovider.Optional -->
