<?xml version="1.0" encoding="UTF-8"?>
<!-- Generated by org.testng.reporters.JUnitReportReporter -->
<testsuite hostname="Aishwarya" failures="0" tests="2" name="TestNG.ParallelAndParameterExecution" time="122.412" errors="0" timestamp="2024-04-19T14:25:21 IST" skipped="0">
  <testcase classname="TestNG.ParallelAndParameterExecution" name="loginToVtiger" time="61.379"/>
  <system-out/>
  <testcase classname="TestNG.ParallelAndParameterExecution" name="loginToVtiger" time="61.033"/>
  <system-out/>
</testsuite> <!-- TestNG.ParallelAndParameterExecution -->
