<?xml version="1.0" encoding="UTF-8"?>
<!-- Generated by org.testng.reporters.JUnitReportReporter -->
<testsuite hostname="Aishwarya" failures="0" tests="2" name="TestNG.ParallelParameterCrossBrowserExecution" time="83.475" errors="0" timestamp="2024-04-19T14:36:09 IST" skipped="0">
  <testcase classname="TestNG.ParallelParameterCrossBrowserExecution" name="loginToVtiger" time="42.535"/>
  <system-out/>
  <testcase classname="TestNG.ParallelParameterCrossBrowserExecution" name="loginToVtiger" time="40.940"/>
  <system-out/>
</testsuite> <!-- TestNG.ParallelParameterCrossBrowserExecution -->
